<?xml version="1.0" encoding="UTF-8"?>
<testsuite name="test.pivotal.pal.gradle.MessengerTest" tests="1" skipped="0" failures="0" errors="0" timestamp="2018-03-13T15:08:29" hostname="CPS-DABI" time="0.005">
  <properties/>
  <testcase name="testGetMessage" classname="test.pivotal.pal.gradle.MessengerTest" time="0.005"/>
  <system-out><![CDATA[]]></system-out>
  <system-err><![CDATA[]]></system-err>
</testsuite>
